CRACKED: pshawnc $argon2id$v=19$m=7858,t=2,p=1$MW83ZnhDY2taR05t$QZMDlvrB625Lid9ONSBBQ2J7qCL1ISg2eB51ZeyT0FE
CRACKED: ivan241986 $argon2id$v=19$m=7098,t=2,p=1$Y1gwRHBQWk5wRnRiYzE1$4hSx2UfRihuRUw9BKzIdEs2VF1ouJQLPwitGQUOxCg
CRACKED: diminicana6 $argon2id$v=19$m=5011,t=1,p=1$SWlNaDBSaVFSWnhPMFVm$5tMrNZYIjUP7e+bwp7/2Ht+/IV9pOT8sNUqAftQP
CRACKED: 854111 $argon2id$v=19$m=6979,t=1,p=1$elAxRkVWNGFGR242$lDSPJgeDBzfODIRpXjIsb5c8o7NZ9vKbcpUs5phZjQU
CRACKED: kickniego $argon2id$v=19$m=6137,t=1,p=1$Y2lLa09aL0Ezdi9STVU$6+rpQzjHsedS7bWrL2Z/mH0POvWFPwBkb1oFqKhiqVQ
CRACKED: wingrider $argon2id$v=19$m=6332,t=2,p=1$cGRTOWFjREtPaWc$jYjYdIytgaWTft2a7zRiEudOF9kZtPuIqyghQhVk
CRACKED: Svend1 $argon2id$v=19$m=5385,t=2,p=1$cnZTaWpTUGdzLg$5jJtOb8VTK6RGFOJzODZqRkCJioSp9pZIWFAOWydi4mfvxM
CRACKED: cAmelot08 $argon2id$v=19$m=7764,t=2,p=1$NzNiVG1vWnJySXFSZ1lt$TqpMXU+oL1ShgVoxvTZ9PFCsTa+WI21281BKvHyec3WoBg
CRACKED: aatos $argon2id$v=19$m=7979,t=2,p=1$c0c4NGQxZGNXeVhVaXov$j562k5BU2cTgqnzZWyeCIe3iKUYbLcIvLQp0S76vM0EEGA
CRACKED: hrylev $argon2id$v=19$m=8012,t=1,p=1$Y3Qwdi96eVkvb0Yv$tn8PvBJzPmECt/kHsqTHOQKcluzg9B2G+f4jTeyE2e8
FAILED: $argon2id$v=19$m=8030,t=1,p=1$TXJsVDlxWUNmNzExSA$+Lv9WPIizjXLXwyOthfDrYGkHxky8Lo6qksLc2nJGA
CRACKED: mhv21ya $argon2id$v=19$m=4674,t=1,p=1$TDFZdTREY1NiSDRUSWE$bsIRv3wK/V1xNZwCsdHmO2hoqM6bbC17Nro/JEpELEwX
CRACKED: bgiggey $argon2id$v=19$m=4129,t=1,p=1$MncxQS5NN1hGekFORw$+ot6ix2iTCvi6woaSIPX3w3XHj2zQx6RcNk2cw/3Jg0j8UE
FAILED: $argon2id$v=19$m=6598,t=1,p=1$ekdRbERsb0s3TmdjWg$zWDjjiAVjUS/jScBDGrjq0/ZrHAHbjphNskLIyOmojE
CRACKED: iloveharibo4e $argon2id$v=19$m=4532,t=1,p=1$UU15WUpWWXlJMi5OUXBS$7Im3Gr0awFmcSU3cdgL6HPvItjq2LNs8f3KzRJ47j1Ej
CRACKED: tidings $argon2id$v=19$m=7307,t=2,p=1$YXVZWWZoWGVzMGRWOEtL$KZcu+8234nY5cnjXZsbAtemSNmjr1qW1IyI7fOmFJ4U
CRACKED: kxy3751 $argon2id$v=19$m=6383,t=1,p=1$M3AwQUZGUURCcEZYYWI$AUW4xlf8QcEBLLd7M3f05HyjpW7sec2169cHQUYmMg
FAILED: $argon2id$v=19$m=7242,t=2,p=1$RjNSc1V0aEJCbjRs$ixo1HAe0hn/zGhK0EHZ9YNi5XyEWPBltlXZN7vhR5iKhuNM
CRACKED: lomlom30 $argon2id$v=19$m=4488,t=2,p=1$LlVTamJkcTRiYzVXbWg$ZGWuHO3JGAP3qTy0w+ITzZdli9jixLq+qwt8KvNq
CRACKED: BpDDzfYW $argon2id$v=19$m=4693,t=1,p=1$S3ZXLzF0MFRHbUg0$El0QRSkB7v2LqzUTwI9VJPKZHKZwX0zxUkQ54mRfDMv6pic
CRACKED: ae7555 $argon2id$v=19$m=5478,t=1,p=1$Q0cvLmZiVWFxaA$bSTZk+Ma8j0mnF6Wzl72Yv2WImbQ2Ttr2eAJs0pNKw
CRACKED: JUgOWabuJOSiQ $argon2id$v=19$m=5125,t=1,p=1$SzVBN3BYZk1pWg$tRw22WoXGRqXHrAR7j4G0xm0RnIwzAEyQ4lCzmOhQ5+R6w
CRACKED: andrearemoveme $argon2id$v=19$m=5524,t=2,p=1$Y2s3TlBHT015Nzdn$jXW7PsdNTTSsZrSsBCBxh3dRgkWNWEqkFvKQ3GzDQ28
FAILED: $argon2id$v=19$m=7053,t=1,p=1$VEJQUTQ1aXFSOQ$CCI6LYgMF4vvq+cFSE7GK7XF6Av70mvoRmt7g1MMjA
CRACKED: Fdlbtdbx123 $argon2id$v=19$m=6288,t=1,p=1$QnFOQmNKaVJORWN2SzNZ$v06uhGfqT3m1qnJqPORjFCjy/lmUAGt2jwA/srnpwqk/
CRACKED: mastersvp1204 $argon2id$v=19$m=5819,t=2,p=1$Z1dqNlRNaFVtUmJkVDA$5m1oVllVKLpSBFfQ031TspLjR36cWR/82oLkquyJ
CRACKED: 147258! $argon2id$v=19$m=4875,t=1,p=1$YTh6aTJQYzNxL2FD$vqKzNcl+4gUks89UB3yUQCJHRDCq7yDMNvlfJVo9hSU
CRACKED: commodum $argon2id$v=19$m=7161,t=1,p=1$V0hjdXh6QXRVSnYvdlE$zPASDHJQe9mc+osB/wAhxdWGMdHrNfglOSIhqBr7sG1BRIo
FAILED: $argon2id$v=19$m=6889,t=2,p=1$UDIwYW5MUlJxdm8$+ZJBcR4JSHzgWaJWQhR6/sika3pkSPZr5S5BpLexEw
CRACKED: vidamuitolokaz $argon2id$v=19$m=7097,t=2,p=1$c09zV0trSTEucnV6S2sx$RWAWSLPE8gSxe6/HFiVfkKjesEp11S4moWmbLfnARw
CRACKED: 197219731998qw $argon2id$v=19$m=7157,t=2,p=1$Wm95a2o2VmExRTFWLmk$umAUbFxFrslc8+6zCYdwtCti1hjs1bFYqt+D1ZPezy0
CRACKED: ZmWCe $argon2id$v=19$m=4805,t=2,p=1$RmxKMTZsbjBJYXZpSWM$lZcSOjeQIVHfmSgjSjz3KJ+Hd8f/yWtq89wr69kNoWg
CRACKED: sjisuss $argon2id$v=19$m=7158,t=2,p=1$OWVUbjVjUGdnRQ$UYw/R8ngG++l5PPPZiohtRtSreQQJ9Ve/vAaMpPWi/bF
CRACKED: v3wheel1 $argon2id$v=19$m=4941,t=1,p=1$ZTJkQ0ZIRTF5bQ$kkq0hAAINTq7xkLM07/ms1qr5UvSuFe4g1p9gjV3
CRACKED: anjrit $argon2id$v=19$m=6972,t=2,p=1$MTZGU1FSa1M4VDRkTmg1$pKpPAj9YWAmYMXm0oW0SjEvpph3MbdVC0Ru6kQoZDQ
CRACKED: siriel $argon2id$v=19$m=7970,t=1,p=1$VmpOMHRpa21nM1pX$IJ2jT0lrJP4o1oinWcdL9uSrdfwqJgl7CgGaQRM9bJiD
FAILED: $argon2id$v=19$m=7665,t=1,p=1$bkV2WWZ6NjlYbWcxTw$p2VmmgSkbkZdsSgG+/iRmZl+V7vq52M1GLhdPsFS
CRACKED: 9876124751 $argon2id$v=19$m=4288,t=2,p=1$aGxEaVF1aVczaTNFYw$m6Gpc+KTQEuu5t/z6q3u8nugY8laGUWjxVTpYqrMSw
CRACKED: rjdfktyrj2001 $argon2id$v=19$m=6968,t=1,p=1$YXgucUdtMVJEYlJ3$FDMixOczwBCHF029TnftZxo/Gq1X9NUjKU4tRaySNiJhdN4
CRACKED: rprp5xu4 $argon2id$v=19$m=4351,t=1,p=1$ZHBYRmlXZGQ1OQ$z6IP1CjaLXeIGwQe4OSZqxkvZSueP6MWqNXNxbueqdm9
CRACKED: svanla78 $argon2id$v=19$m=5491,t=1,p=1$cEZHVnU1dW9kLg$Dim4AXM5VvpcWLUXMObDPxSPMDmSyy3K6Djqnfuj
FAILED: $argon2id$v=19$m=6580,t=2,p=1$Q3cueVlmeFZyOFJn$hFxKFI2c13g4Ohx1FopqyJ0LFKP70vqJTG1kp77m2gk
CRACKED: simon22 $argon2id$v=19$m=7504,t=2,p=1$ZE13ZmJ5Z0gwRFRv$NtMcFEd/cQN5viWrsVsPxbHnWROiZf1Y75OlmBCxj39BuAc
CRACKED: vad955456 $argon2id$v=19$m=4928,t=1,p=1$ZEtOVk1ONk9NNmIz$eLMNXjnCBH1nTJlpaIHv6LYJnu7RqgQg3yzkQ0HCpGunQA
CRACKED: 1982Lp $argon2id$v=19$m=4336,t=2,p=1$NFRHVll0YXpwT2Zldw$KUuXKAN30aV9jNTc8kbYEWTOAG3GNHUsnXVagiZS2jnNog
CRACKED: paul5190 $argon2id$v=19$m=7520,t=1,p=1$bTJiS2dtTDZyQ0Y$UHoORXrfLiDC9Xo+oMiB33wK3kjZdoK0baSPYxCU9OXQ
FAILED: $argon2id$v=19$m=5355,t=2,p=1$L2lobnJIUnFVcmViWkFr$7Vt2gw2mfvRc064kX6F7DYZNiKlqiMMQZe3RXOlg1qti
CRACKED: attractance $argon2id$v=19$m=5283,t=2,p=1$dU9HZWdHdFFmbw$1vgUzUPGAQWYG9/knlmYjIo9FjHXDaHa93+n7roK
CRACKED: 8763268 $argon2id$v=19$m=5584,t=2,p=1$LkJyY0pIeHlQSQ$GoOSqA0FcVaheVNWyaz8/+KRUlKoUCnHa8bnG7VfvgzGgQ
FAILED: $argon2id$v=19$m=5686,t=2,p=1$NzA2NUY3czB1eGc$nePcHSL4NRe076aMfRazqgCzwI/JEAm+FrixxwAPu/sD
